********************************************************************************
product = WebSphere Application Server 18.0.0.1 (wlp-1.0.20.cl180120180309-2209)
wlp.install.dir = /Users/nhirt/Dropbox/PROJECTS/CLOUDPRIVATE/CHARTS/demoliberty/target/liberty/wlp/
java.home = /Library/Java/JavaVirtualMachines/jdk1.8.0_151.jdk/Contents/Home/jre
java.version = 1.8.0_151
java.runtime = Java(TM) SE Runtime Environment (1.8.0_151-b12)
os = Mac OS X (10.13.5; x86_64) (en_US)
process = 77739@Niklauss-MacBook-Pro.local
********************************************************************************
[6/18/18 7:53:45:506 CEST] 00000001 com.ibm.ws.kernel.launch.internal.FrameworkManager           A CWWKE0001I: The server defaultServer has been launched.
[6/18/18 7:53:45:517 CEST] 00000001 com.ibm.ws.kernel.launch.internal.FrameworkManager           A CWWKE0100I: This product is licensed for development, and limited production use. The full license terms can be viewed here: https://public.dhe.ibm.com/ibmdl/export/pub/software/websphere/wasdev/license/base_ilan/ilan/18.0.0.1/lafiles/en.html
[6/18/18 7:53:46:454 CEST] 00000001 com.ibm.ws.kernel.launch.internal.FrameworkManager           I CWWKE0002I: The kernel started after 1.483 seconds
[6/18/18 7:53:46:477 CEST] 00000019 com.ibm.ws.kernel.feature.internal.FeatureManager            I CWWKF0007I: Feature update started.
[6/18/18 7:53:47:094 CEST] 00000012 com.ibm.ws.app.manager.internal.monitor.DropinMonitor        A CWWKZ0058I: Monitoring dropins for applications.
[6/18/18 7:53:47:105 CEST] 0000001c com.ibm.ws.tcpchannel.internal.TCPChannel                    I CWWKO0219I: TCP Channel defaultHttpEndpoint has been started and is now listening for requests on host *  (IPv6) port 9080.
[6/18/18 7:53:47:276 CEST] 00000021 com.ibm.ws.app.manager.AppMessageHelper                      I CWWKZ0018I: Starting application Demo.
[6/18/18 7:53:47:508 CEST] 00000021 com.ibm.ws.session.WASSessionCore                            I SESN8501I: The session manager did not find a persistent storage location; HttpSession objects will be stored in the local application server's memory.
[6/18/18 7:53:47:526 CEST] 00000021 com.ibm.ws.webcontainer.osgi.webapp.WebGroup                 I SRVE0169I: Loading Web Module: Demo-1.0-SNAPSHOT.
[6/18/18 7:53:47:528 CEST] 00000021 com.ibm.ws.webcontainer                                      I SRVE0250I: Web Module Demo-1.0-SNAPSHOT has been bound to default_host.
[6/18/18 7:53:47:530 CEST] 00000021 com.ibm.ws.http.internal.VirtualHostImpl                     A CWWKT0016I: Web application available (default_host): http://172.20.10.9:9080/demo/
[6/18/18 7:53:47:535 CEST] 00000021 com.ibm.ws.app.manager.AppMessageHelper                      A CWWKZ0001I: Application Demo started in 0.259 seconds.
[6/18/18 7:53:47:560 CEST] 00000019 com.ibm.ws.kernel.feature.internal.FeatureManager            A CWWKF0012I: The server installed the following features: [servlet-3.1].
[6/18/18 7:53:47:561 CEST] 00000019 com.ibm.ws.kernel.feature.internal.FeatureManager            I CWWKF0008I: Feature update completed in 1.106 seconds.
[6/18/18 7:53:47:561 CEST] 00000019 com.ibm.ws.kernel.feature.internal.FeatureManager            A CWWKF0011I: The server defaultServer is ready to run a smarter planet.
[6/18/18 7:53:47:589 CEST] 00000024 com.ibm.ws.session.WASSessionCore                            I SESN0176I: A new session context will be created for application key default_host/demo
[6/18/18 7:53:47:611 CEST] 00000024 com.ibm.ws.util                                              I SESN0172I: The session manager is using the Java default SecureRandom implementation for session ID generation.
[6/18/18 7:53:47:745 CEST] 00000025 com.ibm.ws.webcontainer.osgi.mbeans.PluginGenerator          I SRVE9103I: A configuration file for a web server plugin was automatically generated for this server at /Users/nhirt/Dropbox/PROJECTS/CLOUDPRIVATE/CHARTS/demoliberty/target/liberty/wlp/usr/servers/defaultServer/logs/state/plugin-cfg.xml.
[6/18/18 7:54:00:714 CEST] 0000003d com.ibm.ws.webcontainer.servlet                              I SRVE0242I: [Demo] [/demo] [us.hirt.servlet.APIServlet]: Initialization successful.
[6/18/18 7:54:03:437 CEST] 00000044 com.ibm.ws.webcontainer.servlet                              I SRVE0242I: [Demo] [/demo] [us.hirt.servlet.HealthServlet]: Initialization successful.
[6/18/18 7:54:15:568 CEST] 0000000f com.ibm.ws.kernel.launch.internal.FrameworkManager           A CWWKE0085I: The server defaultServer is stopping because the JVM is exiting.
[6/18/18 7:54:15:572 CEST] 0000006f com.ibm.ws.runtime.update.internal.RuntimeUpdateManagerImpl  A CWWKE1100I: Waiting for up to 30 seconds for the server to quiesce.
[6/18/18 7:54:15:580 CEST] 00000070 com.ibm.ws.tcpchannel.internal.TCPChannel                    I CWWKO0220I: TCP Channel defaultHttpEndpoint has stopped listening for requests on host *  (IPv6) port 9080.
[6/18/18 7:54:15:581 CEST] 00000070 com.ibm.ws.http.internal.VirtualHostImpl                     A CWWKT0017I: Web application removed (default_host): http://172.20.10.9:9080/demo/
[6/18/18 7:54:15:588 CEST] 0000006f com.ibm.ws.runtime.update.internal.RuntimeUpdateManagerImpl  I CWWKE1101I: Server quiesce complete.
[6/18/18 7:54:15:629 CEST] 00000024 com.ibm.ws.app.manager.AppMessageHelper                      A CWWKZ0009I: The application Demo has stopped successfully.
[6/18/18 7:54:15:871 CEST] 00000001 com.ibm.ws.kernel.launch.internal.FrameworkManager           A CWWKE0036I: The server defaultServer stopped after 30.901 seconds.
